Log started at 2025-05-12 05:14:46.135
==================================================
[2025-05-12 05:14:46.152] DEBUG: ================= Application Start =================
[2025-05-12 05:14:46.164] DEBUG: ++++++++++++++++++++ MainWindow: Initializing ++++++++++++++++++++
[2025-05-12 05:14:46.164] DEBUG: MainWindow: Initializing Core Components...
[2025-05-12 05:14:46.164] DEBUG: MainWindow: Initializing Handlers (Pre-UI setup)...
2025-05-12 05:14:46,165 - DEBUG - logging_utils - log_debug - Handler 'ListSelectionHandler' initialized.
2025-05-12 05:14:46,165 - DEBUG - logging_utils - log_debug - Handler 'TextOperationHandler' initialized.
2025-05-12 05:14:46,165 - DEBUG - logging_utils - log_debug - Handler 'AppActionHandler' initialized.
2025-05-12 05:14:46,166 - DEBUG - logging_utils - log_debug - Handler 'SearchHandler' initialized.
[2025-05-12 05:14:46.166] DEBUG: MainWindow: Setting up UI...
[2025-05-12 05:14:46.166] DEBUG: setup_main_window_ui: Starting UI setup.
[2025-05-12 05:14:46.167] DEBUG: CustomListWidget INITIALIZED, parent: <__main__.MainWindow object at 0x000001A28B232AF0>
[2025-05-12 05:14:46.168] DEBUG: CustomListWidget: Item delegate set to <components.CustomListItemDelegate.CustomListItemDelegate object at 0x000001A28B24A040>
[2025-05-12 05:14:46.172] DEBUG: LNET (): highlightManager created. Has 'clear_width_exceed_char_highlights': True
[2025-05-12 05:14:46.177] DEBUG: JsonTagHighlighter initialized.
[2025-05-12 05:14:46.177] DEBUG: JsonTagHighlighter: Could not get editor widget or palette, using default black text color.
[2025-05-12 05:14:46.177] DEBUG: JsonTagHighlighter reconfiguring styles: curly_tag_css='color: #808080; font-style: italic;', bracket_tag_color='#FF8C00'
[2025-05-12 05:14:46.177] DEBUG: Reconfigure: Could not get editor widget or palette, using default black text color.
[2025-05-12 05:14:46.370] DEBUG: LNET (): highlightManager created. Has 'clear_width_exceed_char_highlights': True
[2025-05-12 05:14:46.370] DEBUG: JsonTagHighlighter initialized.
[2025-05-12 05:14:46.370] DEBUG: JsonTagHighlighter: Could not get editor widget or palette, using default black text color.
[2025-05-12 05:14:46.371] DEBUG: JsonTagHighlighter reconfiguring styles: curly_tag_css='color: #808080; font-style: italic;', bracket_tag_color='#FF8C00'
[2025-05-12 05:14:46.371] DEBUG: Reconfigure: Could not get editor widget or palette, using default black text color.
[2025-05-12 05:14:46.372] DEBUG: LNET (): highlightManager created. Has 'clear_width_exceed_char_highlights': True
[2025-05-12 05:14:46.372] DEBUG: JsonTagHighlighter initialized.
[2025-05-12 05:14:46.373] DEBUG: JsonTagHighlighter: Could not get editor widget or palette, using default black text color.
[2025-05-12 05:14:46.373] DEBUG: JsonTagHighlighter reconfiguring styles: curly_tag_css='color: #808080; font-style: italic;', bracket_tag_color='#FF8C00'
[2025-05-12 05:14:46.373] DEBUG: Reconfigure: Could not get editor widget or palette, using default black text color.
[2025-05-12 05:14:46.389] DEBUG: setup_main_window_ui: UI setup complete.
[2025-05-12 05:14:46.389] DEBUG: MainWindow: Initializing Handlers (Post-UI setup)...
[2025-05-12 05:14:46.390] DEBUG: MainWindow: Connecting Signals...
[2025-05-12 05:14:46.390] DEBUG: --> MainWindow: connect_signals() started
[2025-05-12 05:14:46.391] DEBUG: --> MainWindow: connect_signals() finished
[2025-05-12 05:14:46.391] DEBUG: MainWindow: Loading Editor Settings via SettingsManager...
[2025-05-12 05:14:46.391] DEBUG: --> SettingsManager: load_settings from settings.json
[2025-05-12 05:14:46.391] DEBUG: --> SettingsManager: load_font_map from font_map.json
[2025-05-12 05:14:46.392] DEBUG: Successfully loaded font_map. Count: 117
[2025-05-12 05:14:46.392] DEBUG: SettingsManager: Initial default_font_size (from QFont or 10): 8
[2025-05-12 05:14:46.393] DEBUG: SettingsManager: Applied all default values. self.mw.current_font_size is now 10 (from defaults)
[2025-05-12 05:14:46.394] DEBUG: SettingsManager: Successfully parsed settings.json. Content keys: ['default_tag_mappings', 'block_names', 'newline_display_symbol', 'newline_css', 'tag_css', 'show_multiple_spaces_as_dots', 'space_dot_color_hex', 'preview_wrap_lines', 'editors_wrap_lines', 'bracket_tag_color_hex', 'game_dialog_max_width_pixels', 'line_width_warning_threshold_pixels', 'search_history', 'last_selected_block_index', 'last_selected_string_index', 'last_cursor_position_in_edited', 'last_edited_text_edit_scroll_value_v', 'last_edited_text_edit_scroll_value_h', 'last_preview_text_edit_scroll_value_v', 'last_original_text_edit_scroll_value_v', 'last_original_text_edit_scroll_value_h', 'font_size', 'block_color_markers', 'original_file_path', 'edited_file_path', 'window_was_maximized', 'window_normal_geometry', 'main_splitter_state', 'right_splitter_state', 'bottom_right_splitter_state', 'critical_problem_lines_per_block', 'warning_problem_lines_per_block', 'width_exceeded_lines_per_block', 'short_lines_per_block']
[2025-05-12 05:14:46.394] DEBUG: SettingsManager: Found 'font_size' in settings file: 11. Current self.mw.current_font_size: 10
[2025-05-12 05:14:46.394] DEBUG: SettingsManager: Set self.mw.current_font_size to 11 from file.
[2025-05-12 05:14:46.394] DEBUG: SettingsManager: Final MainWindow.LINE_WIDTH_WARNING_THRESHOLD_PIXELS = 208
[2025-05-12 05:14:46.394] DEBUG: SettingsManager: After potential load from file, self.mw.current_font_size is 11
[2025-05-12 05:14:46.395] DEBUG: MainWindow: Applying font. General: Family='Segoe UI', Editor: Family='Courier New', Size=11
[2025-05-12 05:14:46.401] DEBUG: TextOperationHandler.text_edited: Start. Programmatic change? False
[2025-05-12 05:14:46.401] DEBUG: TextOperationHandler.text_edited: No block/string selected, returning.
[2025-05-12 05:14:46.415] DEBUG: UIUpdater.update_text_views: Called. Programmatic: False. Current block: -1, string: -1
[2025-05-12 05:14:46.415] DEBUG:   No active block/string selected. Text views will be cleared.
[2025-05-12 05:14:46.415] DEBUG: UIUpdater: update_text_views - Content for original_text_edit matches. No setPlainText needed.
[2025-05-12 05:14:46.415] DEBUG: UIUpdater: update_text_views - Content for edited_text_edit matches. No setPlainText needed.
[2025-05-12 05:14:46.416] DEBUG: [UIUpdater] populate_blocks called.
[2025-05-12 05:14:46.416] DEBUG: [UIUpdater] populate_blocks: No original data.
[2025-05-12 05:14:46.416] DEBUG: UIUpdater: populate_strings_for_block for block_idx: -1. Current string_idx: -1
[2025-05-12 05:14:46.417] DEBUG: TextOperationHandler.text_edited: Start. Programmatic change? True
[2025-05-12 05:14:46.417] DEBUG: TextOperationHandler.text_edited: Is programmatic, returning.
[2025-05-12 05:14:46.417] DEBUG: UIUpdater.update_text_views: Called. Programmatic: True. Current block: -1, string: -1
[2025-05-12 05:14:46.417] DEBUG:   No active block/string selected. Text views will be cleared.
[2025-05-12 05:14:46.417] DEBUG: UIUpdater: update_text_views - Content for original_text_edit matches. No setPlainText needed.
[2025-05-12 05:14:46.417] DEBUG: UIUpdater: update_text_views - Content for edited_text_edit matches. No setPlainText needed.
[2025-05-12 05:14:46.418] DEBUG: Settings loaded. Last block: 5, string: -1
[2025-05-12 05:14:46.418] DEBUG: Settings loaded. Original path from mw: '//192.168.50.168/tloz_tmc_ua/UKR_orig.json', Edited path from mw: '//192.168.50.168/tloz_tmc_ua/UKR.json'
2025-05-12 05:14:46,418 - DEBUG - logging_utils - log_debug - Applying text wrap settings: Preview wrap: False, Editors wrap: False
2025-05-12 05:14:46,418 - DEBUG - logging_utils - log_debug - MainWindowHelper: Reconfiguring all highlighters...
[2025-05-12 05:14:46.419] DEBUG: JsonTagHighlighter reconfiguring styles: curly_tag_css='color: #808080; font-style: italic;', bracket_tag_color='#FFA500'
[2025-05-12 05:14:46.419] DEBUG: Reconfigure: Could not get editor widget or palette, using default black text color.
[2025-05-12 05:14:46.419] DEBUG: JsonTagHighlighter reconfiguring styles: curly_tag_css='color: #808080; font-style: italic;', bracket_tag_color='#FFA500'
[2025-05-12 05:14:46.419] DEBUG: Reconfigure: Could not get editor widget or palette, using default black text color.
[2025-05-12 05:14:46.419] DEBUG: JsonTagHighlighter reconfiguring styles: curly_tag_css='color: #808080; font-style: italic;', bracket_tag_color='#FFA500'
[2025-05-12 05:14:46.420] DEBUG: Reconfigure: Could not get editor widget or palette, using default black text color.
[2025-05-12 05:14:46.420] DEBUG: TextOperationHandler.text_edited: Start. Programmatic change? False
[2025-05-12 05:14:46.420] DEBUG: TextOperationHandler.text_edited: No block/string selected, returning.
[2025-05-12 05:14:46.420] DEBUG: TextOperationHandler.text_edited: Start. Programmatic change? False
[2025-05-12 05:14:46.420] DEBUG: TextOperationHandler.text_edited: No block/string selected, returning.
2025-05-12 05:14:46,420 - DEBUG - logging_utils - log_debug - MainWindowHelper: Highlighter reconfiguration attempt complete.
[2025-05-12 05:14:46.420] DEBUG: <-- SettingsManager: load_settings finished
[2025-05-12 05:14:46.421] DEBUG: MainWindow: After SettingsManager.load_settings(), self.current_font_size = 11, general_family = Segoe UI, editor_family = Courier New
[2025-05-12 05:14:46.421] DEBUG: MainWindow: change_font_size_action called with size 11
[2025-05-12 05:14:46.421] DEBUG: MainWindow: After load_settings, self.LINE_WIDTH_WARNING_THRESHOLD_PIXELS = 208
[2025-05-12 05:14:46.421] DEBUG: MainWindow: After load_settings, self.initial_load_path = //192.168.50.168/tloz_tmc_ua/UKR_orig.json
[2025-05-12 05:14:46.421] DEBUG: MainWindow: After load_settings, self.initial_edited_load_path = //192.168.50.168/tloz_tmc_ua/UKR.json
[2025-05-12 05:14:46.421] DEBUG: MainWindow: Set preview_text_edit.LINE_WIDTH_WARNING_THRESHOLD_PIXELS to 208
[2025-05-12 05:14:46.422] DEBUG: MainWindow: Set original_text_edit.LINE_WIDTH_WARNING_THRESHOLD_PIXELS to 208
[2025-05-12 05:14:46.422] DEBUG: MainWindow: Set edited_text_edit.LINE_WIDTH_WARNING_THRESHOLD_PIXELS to 208
2025-05-12 05:14:46,422 - DEBUG - logging_utils - log_debug - MainWindowHelper: restore_state_after_settings_load called.
2025-05-12 05:14:46,422 - DEBUG - logging_utils - log_debug - Restored window geometry from settings: {'x': 374, 'y': 220, 'width': 1966, 'height': 1002}
2025-05-12 05:14:46,427 - DEBUG - logging_utils - log_debug - MainWindowHelper: Attempting to load initial file from settings: //192.168.50.168/tloz_tmc_ua/UKR_orig.json
[2025-05-12 05:14:46.427] DEBUG: --> AppActionHandler: load_all_data_for_path START. Original: '//192.168.50.168/tloz_tmc_ua/UKR_orig.json', Manual Edit Path: '//192.168.50.168/tloz_tmc_ua/UKR.json', InitialLoad: True
[2025-05-12 05:14:46.427] DEBUG: load_json_file: Attempting to load '//192.168.50.168/tloz_tmc_ua/UKR_orig.json', expected_type: list
[2025-05-12 05:14:46.440] DEBUG: load_json_file: Successfully loaded '//192.168.50.168/tloz_tmc_ua/UKR_orig.json'.
[2025-05-12 05:14:46.444] DEBUG: load_json_file: Attempting to load '//192.168.50.168/tloz_tmc_ua/UKR.json', expected_type: list
[2025-05-12 05:14:46.460] DEBUG: load_json_file: Successfully loaded '//192.168.50.168/tloz_tmc_ua/UKR.json'.
[2025-05-12 05:14:46.461] DEBUG: TextOperationHandler.text_edited: Start. Programmatic change? True
[2025-05-12 05:14:46.461] DEBUG: TextOperationHandler.text_edited: Is programmatic, returning.
[2025-05-12 05:14:46.461] DEBUG: Initial load from settings: Assuming problem data is from settings or will be calculated if missing.
[2025-05-12 05:14:46.461] DEBUG: critical_problem_lines_per_block data not found in settings or empty, performing full scan.
[2025-05-12 05:14:46.461] DEBUG: AppActionHandler: Performing initial silent scan for ALL issues (tags, width, short lines, empty odd sublines)...
[2025-05-12 05:14:46.461] DEBUG: UIUpdater: Cleared all problem/warning/width/short block highlights and count texts.
[2025-05-12 05:14:46.560] DEBUG: AppActionHandler: Initial silent scan for ALL issues complete.
[2025-05-12 05:14:46.560] DEBUG: [UIUpdater] populate_blocks called.
[2025-05-12 05:14:46.561] DEBUG: [UIUpdater] populate_blocks: Added 80 items.
[2025-05-12 05:14:46.561] DEBUG: --> ListSelectionHandler: block_selected. Item: '–°–∏—Å—Ç–µ–º–Ω—ñ (4 short, 9 emptyOdd)', Index: 0
[2025-05-12 05:14:46.562] DEBUG: UIUpdater: populate_strings_for_block for block_idx: 0. Current string_idx: -1
[2025-05-12 05:14:46.562] DEBUG: UIUpdater.update_text_views: Called. Programmatic: True. Current block: 0, string: -1
[2025-05-12 05:14:46.563] DEBUG:   No active block/string selected. Text views will be cleared.
[2025-05-12 05:14:46.563] DEBUG: UIUpdater: update_text_views - Content for original_text_edit matches. No setPlainText needed.
[2025-05-12 05:14:46.563] DEBUG: UIUpdater: update_text_views - Content for edited_text_edit matches. No setPlainText needed.
[2025-05-12 05:14:46.563] DEBUG: UIUpdater: populate_strings_for_block: Finished.
[2025-05-12 05:14:46.563] DEBUG: <-- ListSelectionHandler: block_selected finished.
[2025-05-12 05:14:46.563] DEBUG: <-- AppActionHandler: load_all_data_for_path FINISHED (Success)
[2025-05-12 05:14:46.563] DEBUG: --> ListSelectionHandler: block_selected. Item: '–ù–∞—à–µ–ª,–ø–æ–ª—É—á–∏–ª,—Ñ–µ–∏ (6 warn, 32 width, 49 short, 6 emptyOdd)', Index: 5
[2025-05-12 05:14:46.564] DEBUG: UIUpdater: populate_strings_for_block for block_idx: 5. Current string_idx: -1
[2025-05-12 05:14:46.589] DEBUG: UIUpdater.update_text_views: Called. Programmatic: True. Current block: 5, string: -1
[2025-05-12 05:14:46.590] DEBUG:   No active block/string selected. Text views will be cleared.
[2025-05-12 05:14:46.590] DEBUG: UIUpdater: update_text_views - Content for original_text_edit matches. No setPlainText needed.
[2025-05-12 05:14:46.590] DEBUG: UIUpdater: update_text_views - Content for edited_text_edit matches. No setPlainText needed.
[2025-05-12 05:14:46.590] DEBUG: UIUpdater: populate_strings_for_block: Finished.
[2025-05-12 05:14:46.590] DEBUG: <-- ListSelectionHandler: block_selected finished.
2025-05-12 05:14:46,593 - DEBUG - logging_utils - log_debug - MainWindowHelper: last_selected_string_index (-1) is out of bounds for block 5. Skipping string/cursor restore.
2025-05-12 05:14:46,593 - DEBUG - logging_utils - log_debug - MainWindowHelper: Search history loaded into panel. Last query (if any) set in SearchHandler: Î≥ÌÍ
2025-05-12 05:14:46,594 - DEBUG - logging_utils - log_debug - Rebuilt unsaved_block_indices: set()
[2025-05-12 05:14:46.594] DEBUG: ++++++++++++++++++++ MainWindow: Initialization Complete ++++++++++++++++++++
[2025-05-12 05:14:46.777] DEBUG: Starting Qt event loop...
[2025-05-12 05:14:49.259] DEBUG: --> ListSelectionHandler: block_selected. Item: '–í–∫–∞–∑—ñ–≤–Ω–∏–∫–∏ (15 short)', Index: 6
[2025-05-12 05:14:49.259] DEBUG: UIUpdater: populate_strings_for_block for block_idx: 6. Current string_idx: -1
[2025-05-12 05:14:49.264] DEBUG: UIUpdater.update_text_views: Called. Programmatic: True. Current block: 6, string: -1
[2025-05-12 05:14:49.265] DEBUG:   No active block/string selected. Text views will be cleared.
[2025-05-12 05:14:49.265] DEBUG: UIUpdater: update_text_views - Content for original_text_edit matches. No setPlainText needed.
[2025-05-12 05:14:49.265] DEBUG: UIUpdater: update_text_views - Content for edited_text_edit matches. No setPlainText needed.
[2025-05-12 05:14:49.265] DEBUG: UIUpdater: populate_strings_for_block: Finished.
[2025-05-12 05:14:49.265] DEBUG: <-- ListSelectionHandler: block_selected finished.
[2025-05-12 05:14:50.251] DEBUG: Toggled marker 'red' for block 6. Current markers: None
[2025-05-12 05:14:50.866] DEBUG: --> ListSelectionHandler: block_selected. Item: '–°—Ç–∞—Ç—É–µ—Ç–∫–∏ (7 warn)', Index: 8
[2025-05-12 05:14:50.866] DEBUG: UIUpdater: populate_strings_for_block for block_idx: 8. Current string_idx: -1
[2025-05-12 05:14:50.871] DEBUG: UIUpdater.update_text_views: Called. Programmatic: True. Current block: 8, string: -1
[2025-05-12 05:14:50.871] DEBUG:   No active block/string selected. Text views will be cleared.
[2025-05-12 05:14:50.871] DEBUG: UIUpdater: update_text_views - Content for original_text_edit matches. No setPlainText needed.
[2025-05-12 05:14:50.871] DEBUG: UIUpdater: update_text_views - Content for edited_text_edit matches. No setPlainText needed.
[2025-05-12 05:14:50.872] DEBUG: UIUpdater: populate_strings_for_block: Finished.
[2025-05-12 05:14:50.872] DEBUG: <-- ListSelectionHandler: block_selected finished.
[2025-05-12 05:14:52.442] DEBUG: Toggled marker 'green' for block 8. Current markers: None
[2025-05-12 05:14:52.810] DEBUG: --> ListSelectionHandler: block_selected. Item: '–ù–∞–∑–≤–∏ –ª–æ–∫–∞—Ü—ñ–π (2 short)', Index: 7
[2025-05-12 05:14:52.810] DEBUG: UIUpdater: populate_strings_for_block for block_idx: 7. Current string_idx: -1
[2025-05-12 05:14:52.812] DEBUG: UIUpdater.update_text_views: Called. Programmatic: True. Current block: 7, string: -1
[2025-05-12 05:14:52.812] DEBUG:   No active block/string selected. Text views will be cleared.
[2025-05-12 05:14:52.812] DEBUG: UIUpdater: update_text_views - Content for original_text_edit matches. No setPlainText needed.
[2025-05-12 05:14:52.813] DEBUG: UIUpdater: update_text_views - Content for edited_text_edit matches. No setPlainText needed.
[2025-05-12 05:14:52.813] DEBUG: UIUpdater: populate_strings_for_block: Finished.
[2025-05-12 05:14:52.813] DEBUG: <-- ListSelectionHandler: block_selected finished.
[2025-05-12 05:14:53.572] DEBUG: Toggled marker 'red' for block 7. Current markers: {'red'}
[2025-05-12 05:14:53.905] DEBUG: --> ListSelectionHandler: block_selected. Item: '–°—Ç–∞—Ç—É–µ—Ç–∫–∏ (7 warn)', Index: 8
[2025-05-12 05:14:53.905] DEBUG: UIUpdater: populate_strings_for_block for block_idx: 8. Current string_idx: -1
[2025-05-12 05:14:53.909] DEBUG: UIUpdater.update_text_views: Called. Programmatic: True. Current block: 8, string: -1
[2025-05-12 05:14:53.909] DEBUG:   No active block/string selected. Text views will be cleared.
[2025-05-12 05:14:53.910] DEBUG: UIUpdater: update_text_views - Content for original_text_edit matches. No setPlainText needed.
[2025-05-12 05:14:53.910] DEBUG: UIUpdater: update_text_views - Content for edited_text_edit matches. No setPlainText needed.
[2025-05-12 05:14:53.910] DEBUG: UIUpdater: populate_strings_for_block: Finished.
[2025-05-12 05:14:53.910] DEBUG: <-- ListSelectionHandler: block_selected finished.
[2025-05-12 05:14:54.315] DEBUG: --> ListSelectionHandler: block_selected. Item: '–ù–∞–∑–≤–∏ –ª–æ–∫–∞—Ü—ñ–π (2 short)', Index: 7
[2025-05-12 05:14:54.315] DEBUG: UIUpdater: populate_strings_for_block for block_idx: 7. Current string_idx: -1
[2025-05-12 05:14:54.317] DEBUG: UIUpdater.update_text_views: Called. Programmatic: True. Current block: 7, string: -1
[2025-05-12 05:14:54.318] DEBUG:   No active block/string selected. Text views will be cleared.
[2025-05-12 05:14:54.318] DEBUG: UIUpdater: update_text_views - Content for original_text_edit matches. No setPlainText needed.
[2025-05-12 05:14:54.318] DEBUG: UIUpdater: update_text_views - Content for edited_text_edit matches. No setPlainText needed.
[2025-05-12 05:14:54.318] DEBUG: UIUpdater: populate_strings_for_block: Finished.
[2025-05-12 05:14:54.318] DEBUG: <-- ListSelectionHandler: block_selected finished.
[2025-05-12 05:14:55.082] DEBUG: Toggled marker 'green' for block 7. Current markers: {'green', 'red'}
[2025-05-12 05:14:56.539] DEBUG: Toggled marker 'red' for block 7. Current markers: {'green'}
[2025-05-12 05:14:57.706] DEBUG: Toggled marker 'green' for block 7. Current markers: None
[2025-05-12 05:14:59.640] DEBUG: --> MainWindow: closeEvent received.
2025-05-12 05:14:59,640 - DEBUG - logging_utils - log_debug - MainWindowHelper: prepare_to_close called.
2025-05-12 05:14:59,641 - DEBUG - logging_utils - log_debug - MainWindowHelper: Updated search_history_to_save: 7 items
[2025-05-12 05:14:59.641] DEBUG: --> AppActionHandler: handle_close_event called.
[2025-05-12 05:14:59.641] DEBUG: <-- AppActionHandler: handle_close_event finished.
[2025-05-12 05:14:59.641] DEBUG: Close accepted (no unsaved changes). Saving editor settings via SettingsManager.
[2025-05-12 05:14:59.641] DEBUG: --> SettingsManager: save_settings to settings.json
[2025-05-12 05:14:59.642] DEBUG: SettingsManager: Saving font_size: 11 (from self.mw.current_font_size: 11)
[2025-05-12 05:14:59.642] DEBUG: Saving paths: original_file_path='//192.168.50.168/tloz_tmc_ua/UKR_orig.json', edited_file_path='//192.168.50.168/tloz_tmc_ua/UKR.json'
[2025-05-12 05:14:59.644] DEBUG: <-- SettingsManager: save_settings finished
[2025-05-12 05:14:59.644] DEBUG: <-- MainWindow: closeEvent finished.
[2025-05-12 05:14:59.659] DEBUG: Qt event loop finished with exit code: 0
[2025-05-12 05:14:59.659] DEBUG: ================= Application End =================
